#
# There is insufficient memory for the Java Runtime Environment to continue.
# Native memory allocation (malloc) failed to allocate 79952 bytes for Chunk::new
# Possible reasons:
#   The system is out of physical RAM or swap space
#   The process is running with CompressedOops enabled, and the Java Heap may be blocking the growth of the native heap
# Possible solutions:
#   Reduce memory load on the system
#   Increase physical memory or swap space
#   Check if swap backing store is full
#   Decrease Java heap size (-Xmx/-Xms)
#   Decrease number of Java threads
#   Decrease Java thread stack sizes (-Xss)
#   Set larger code cache with -XX:ReservedCodeCacheSize=
#   JVM is running with Unscaled Compressed Oops mode in which the Java heap is
#     placed in the first 4GB address space. The Java Heap base address is the
#     maximum limit for the native heap growth. Please use -XX:HeapBaseMinAddress
#     to set the Java Heap base and to place the Java Heap above 4GB virtual address.
# This output file may be truncated or incomplete.
#
#  Out of Memory Error (allocation.cpp:389), pid=15944, tid=0x0000000000003ec8
#
# JRE version: OpenJDK Runtime Environment (8.0_202-b03) (build 1.8.0_202-release-1483-b03)
# Java VM: OpenJDK 64-Bit Server VM (25.202-b03 mixed mode windows-amd64 compressed oops)
# Failed to write core dump. Minidumps are not enabled by default on client versions of Windows
#

---------------  T H R E A D  ---------------

Current thread (0x0000000017fd9800):  JavaThread "C2 CompilerThread0" daemon [_thread_in_native, id=16072, stack(0x00000000188b0000,0x00000000189b0000)]

Stack: [0x00000000188b0000,0x00000000189b0000]
[error occurred during error reporting (printing stack bounds), id 0xc0000005]

Native frames: (J=compiled Java code, j=interpreted, Vv=VM code, C=native code)


Current CompileTask:
C2: 107389 4461       4       java.util.regex.Matcher::appendReplacement (571 bytes)


---------------  P R O C E S S  ---------------

Java Threads: ( => current thread )
  0x000000001af7d000 JavaThread "Cache worker for Build Output Cleanup Cache (C:\Users\Raghul Adhitya\Documents\GitHub\ProfileApp\.gradle\buildOutputCleanup)" [_thread_blocked, id=14272, stack(0x000000001c5d0000,0x000000001c6d0000)]
  0x000000001af7f800 JavaThread "pool-1-thread-1" [_thread_blocked, id=16372, stack(0x0000000000830000,0x0000000000930000)]
  0x000000001af7f000 JavaThread "File lock release action executor" [_thread_blocked, id=1420, stack(0x0000000023d00000,0x0000000023e00000)]
  0x000000001af81000 JavaThread "Build operations Thread 8" [_thread_blocked, id=15584, stack(0x0000000023c00000,0x0000000023d00000)]
  0x000000001af80800 JavaThread "Build operations Thread 7" [_thread_blocked, id=15596, stack(0x0000000023b00000,0x0000000023c00000)]
  0x000000001af78000 JavaThread "Build operations Thread 6" [_thread_blocked, id=12436, stack(0x0000000023a00000,0x0000000023b00000)]
  0x000000001af7a000 JavaThread "Build operations Thread 5" [_thread_blocked, id=16348, stack(0x0000000023900000,0x0000000023a00000)]
  0x000000001af7b800 JavaThread "Build operations Thread 4" [_thread_blocked, id=15608, stack(0x0000000023800000,0x0000000023900000)]
  0x000000001af7c800 JavaThread "Build operations Thread 3" [_thread_blocked, id=16340, stack(0x0000000022660000,0x0000000022760000)]
  0x000000001af79800 JavaThread "Build operations Thread 2" [_thread_blocked, id=15576, stack(0x00000000214c0000,0x00000000215c0000)]
  0x000000001af7e000 JavaThread "Build operations" [_thread_blocked, id=15560, stack(0x0000000021130000,0x0000000021230000)]
  0x0000000019e16000 JavaThread "Cache worker for execution history cache (C:\Users\Raghul Adhitya\.gradle\caches\5.1.1\executionHistory)" [_thread_blocked, id=12492, stack(0x0000000020c30000,0x0000000020d30000)]
  0x0000000019e14800 JavaThread "Cache worker for cache directory md-rule (C:\Users\Raghul Adhitya\.gradle\caches\5.1.1\md-rule)" [_thread_blocked, id=15472, stack(0x000000001f710000,0x000000001f810000)]
  0x0000000019e14000 JavaThread "Cache worker for cache directory md-supplier (C:\Users\Raghul Adhitya\.gradle\caches\5.1.1\md-supplier)" [_thread_blocked, id=16164, stack(0x000000001ef70000,0x000000001f070000)]
  0x0000000019e1a000 JavaThread "Cache worker for file hash cache (C:\Users\Raghul Adhitya\Documents\GitHub\ProfileApp\.gradle\5.1.1\fileHashes)" [_thread_blocked, id=16180, stack(0x000000001dca0000,0x000000001dda0000)]
  0x0000000019e18800 JavaThread "Cache worker for journal cache (C:\Users\Raghul Adhitya\.gradle\caches\journal-1)" [_thread_blocked, id=16160, stack(0x000000001c9d0000,0x000000001cad0000)]
  0x0000000018f34800 JavaThread "File lock request listener" [_thread_in_native, id=16156, stack(0x000000001c8d0000,0x000000001c9d0000)]
  0x0000000018f33800 JavaThread "Cache worker for file hash cache (C:\Users\Raghul Adhitya\.gradle\caches\5.1.1\fileHashes)" [_thread_blocked, id=16148, stack(0x000000001c7d0000,0x000000001c8d0000)]
  0x000000001ab81800 JavaThread "Thread-8" [_thread_blocked, id=16144, stack(0x000000001c6d0000,0x000000001c7d0000)]
  0x0000000018f35800 JavaThread "Asynchronous log dispatcher for DefaultDaemonConnection: socket connection from /127.0.0.1:56439 to /127.0.0.1:56440" [_thread_blocked, id=16136, stack(0x000000001c4d0000,0x000000001c5d0000)]
  0x000000001ab86000 JavaThread "Daemon worker" [_thread_in_native, id=16124, stack(0x000000001c3d0000,0x000000001c4d0000)]
  0x000000001a7db800 JavaThread "Cancel handler" [_thread_blocked, id=16120, stack(0x000000001c2d0000,0x000000001c3d0000)]
  0x00000000190b9000 JavaThread "Handler for socket connection from /127.0.0.1:56439 to /127.0.0.1:56440" [_thread_in_native, id=16116, stack(0x000000001bfd0000,0x000000001c0d0000)]
  0x0000000019aa2000 JavaThread "Daemon" [_thread_blocked, id=16112, stack(0x000000001bed0000,0x000000001bfd0000)]
  0x000000001a8c3800 JavaThread "Daemon periodic checks" [_thread_blocked, id=16108, stack(0x000000001bdd0000,0x000000001bed0000)]
  0x000000001a8c0800 JavaThread "Incoming local TCP Connector on port 56439" [_thread_in_native, id=16104, stack(0x000000001bb90000,0x000000001bc90000)]
  0x000000001806c800 JavaThread "Service Thread" daemon [_thread_blocked, id=16088, stack(0x0000000018cb0000,0x0000000018db0000)]
  0x0000000017fe5000 JavaThread "C1 CompilerThread3" daemon [_thread_blocked, id=16084, stack(0x0000000018bb0000,0x0000000018cb0000)]
  0x0000000017fe2000 JavaThread "C2 CompilerThread2" daemon [_thread_in_native, id=16080, stack(0x0000000018ab0000,0x0000000018bb0000)]
  0x0000000017fdc800 JavaThread "C2 CompilerThread1" daemon [_thread_in_native, id=16076, stack(0x00000000189b0000,0x0000000018ab0000)]
=>0x0000000017fd9800 JavaThread "C2 CompilerThread0" daemon [_thread_in_native, id=16072, stack(0x00000000188b0000,0x00000000189b0000)]
  0x0000000017fd8000 JavaThread "Attach Listener" daemon [_thread_blocked, id=16068, stack(0x00000000187b0000,0x00000000188b0000)]
  0x0000000017fd5000 JavaThread "Signal Dispatcher" daemon [_thread_blocked, id=16064, stack(0x00000000186b0000,0x00000000187b0000)]
  0x0000000002419000 JavaThread "Finalizer" daemon [_thread_blocked, id=16060, stack(0x00000000184b0000,0x00000000185b0000)]
  0x0000000002415800 JavaThread "Reference Handler" daemon [_thread_blocked, id=16056, stack(0x00000000183b0000,0x00000000184b0000)]
  0x00000000001fe800 JavaThread "main" [_thread_blocked, id=16012, stack(0x0000000002220000,0x0000000002320000)]

Other Threads:
  0x00000000161d8000 VMThread [stack: 0x0000000017eb0000,0x0000000017fb0000] [id=16052]
  0x000000001806d000 WatcherThread [stack: 0x0000000018db0000,0x0000000018eb0000] [id=16092]

VM state:not at safepoint (normal execution)

VM Mutex/Monitor currently owned by a thread: None

heap address: 0x00000000a0000000, size: 1536 MB, Compressed Oops mode: 32-bit
Narrow klass base: 0x0000000000000000, Narrow klass shift: 3
Compressed class space size: 1073741824 Address: 0x0000000100000000

Heap:
 PSYoungGen      total 195584K, used 169412K [0x00000000e0000000, 0x00000000efb00000, 0x0000000100000000)
  eden space 181760K, 93% used [0x00000000e0000000,0x00000000ea571370,0x00000000eb180000)
  from space 13824K, 0% used [0x00000000ebf00000,0x00000000ebf00000,0x00000000ecc80000)
  to   space 13824K, 0% used [0x00000000eb180000,0x00000000eb180000,0x00000000ebf00000)
 ParOldGen       total 78848K, used 15554K [0x00000000a0000000, 0x00000000a4d00000, 0x00000000e0000000)
  object space 78848K, 19% used [0x00000000a0000000,0x00000000a0f30b98,0x00000000a4d00000)
 Metaspace       used 50654K, capacity 51990K, committed 52224K, reserved 1093632K
  class space    used 6831K, capacity 7129K, committed 7168K, reserved 1048576K

Card table byte_map: [0x00000000117e0000,0x0000000011af0000] byte_map_base: 0x00000000112e0000

Marking Bits: (ParMarkBitMap*) 0x0000000077f79f30
 Begin Bits: [0x00000000124f0000, 0x0000000013cf0000)
 End Bits:   [0x0000000013cf0000, 0x00000000154f0000)

Polling page: 0x00000000009b0000

CodeCache: size=245760Kb used=14347Kb max_used=14348Kb free=231412Kb
 bounds [0x0000000002420000, 0x0000000003230000, 0x0000000011420000]
 total_blobs=4833 nmethods=4056 adapters=690
 compilation: enabled

Compilation events (10 events):
Event: 107.318 Thread 0x0000000017fdc800 nmethod 4463 0x00000000031f4fd0 code [0x00000000031f5100, 0x00000000031f5198]
Event: 107.327 Thread 0x0000000017fe2000 nmethod 4459 0x0000000003209690 code [0x00000000032097e0, 0x0000000003209d18]
Event: 107.328 Thread 0x0000000017fe5000 nmethod 4458 0x000000000320d790 code [0x000000000320df40, 0x0000000003214d08]
Event: 107.328 Thread 0x0000000017fe5000 4468       3       java.lang.ThreadLocal::remove (18 bytes)
Event: 107.329 Thread 0x0000000017fe5000 nmethod 4468 0x00000000032090d0 code [0x0000000003209260, 0x0000000003209558]
Event: 107.329 Thread 0x0000000017fe5000 4464       3       com.sun.org.apache.xerces.internal.util.XMLAttributesImpl::getURI (29 bytes)
Event: 107.329 Thread 0x0000000017fe5000 nmethod 4464 0x0000000003208c10 code [0x0000000003208d80, 0x0000000003208f90]
Event: 107.329 Thread 0x0000000017fe5000 4465       3       com.sun.org.apache.xerces.internal.util.XMLAttributesImpl::getLocalName (37 bytes)
Event: 107.329 Thread 0x0000000017fe5000 nmethod 4465 0x000000000320b110 code [0x000000000320b280, 0x000000000320b4f0]
Event: 107.329 Thread 0x0000000017fe5000 4466       3       com.sun.org.apache.xerces.internal.impl.XMLDocumentFragmentScannerImpl::getString (76 bytes)

GC Heap History (10 events):
Event: 46.180 GC heap before
{Heap before GC invocations=6 (full 1):
 PSYoungGen      total 71680K, used 5108K [0x00000000e0000000, 0x00000000e9900000, 0x0000000100000000)
  eden space 66560K, 0% used [0x00000000e0000000,0x00000000e0000000,0x00000000e4100000)
  from space 5120K, 99% used [0x00000000e4100000,0x00000000e45fd040,0x00000000e4600000)
  to   space 11776K, 0% used [0x00000000e8d80000,0x00000000e8d80000,0x00000000e9900000)
 ParOldGen       total 87552K, used 10610K [0x00000000a0000000, 0x00000000a5580000, 0x00000000e0000000)
  object space 87552K, 12% used [0x00000000a0000000,0x00000000a0a5c8b8,0x00000000a5580000)
 Metaspace       used 20693K, capacity 21176K, committed 21296K, reserved 1067008K
  class space    used 2918K, capacity 3125K, committed 3200K, reserved 1048576K
Event: 46.402 GC heap after
Heap after GC invocations=6 (full 1):
 PSYoungGen      total 71680K, used 0K [0x00000000e0000000, 0x00000000e9900000, 0x0000000100000000)
  eden space 66560K, 0% used [0x00000000e0000000,0x00000000e0000000,0x00000000e4100000)
  from space 5120K, 0% used [0x00000000e4100000,0x00000000e4100000,0x00000000e4600000)
  to   space 11776K, 0% used [0x00000000e8d80000,0x00000000e8d80000,0x00000000e9900000)
 ParOldGen       total 59904K, used 10789K [0x00000000a0000000, 0x00000000a3a80000, 0x00000000e0000000)
  object space 59904K, 18% used [0x00000000a0000000,0x00000000a0a89478,0x00000000a3a80000)
 Metaspace       used 20693K, capacity 21176K, committed 21296K, reserved 1067008K
  class space    used 2918K, capacity 3125K, committed 3200K, reserved 1048576K
}
Event: 49.179 GC heap before
{Heap before GC invocations=7 (full 1):
 PSYoungGen      total 71680K, used 66560K [0x00000000e0000000, 0x00000000e9900000, 0x0000000100000000)
  eden space 66560K, 100% used [0x00000000e0000000,0x00000000e4100000,0x00000000e4100000)
  from space 5120K, 0% used [0x00000000e4100000,0x00000000e4100000,0x00000000e4600000)
  to   space 11776K, 0% used [0x00000000e8d80000,0x00000000e8d80000,0x00000000e9900000)
 ParOldGen       total 59904K, used 10789K [0x00000000a0000000, 0x00000000a3a80000, 0x00000000e0000000)
  object space 59904K, 18% used [0x00000000a0000000,0x00000000a0a89478,0x00000000a3a80000)
 Metaspace       used 27944K, capacity 28422K, committed 28672K, reserved 1073152K
  class space    used 3827K, capacity 4000K, committed 4096K, reserved 1048576K
Event: 49.189 GC heap after
Heap after GC invocations=7 (full 1):
 PSYoungGen      total 118784K, used 7409K [0x00000000e0000000, 0x00000000e9500000, 0x0000000100000000)
  eden space 111104K, 0% used [0x00000000e0000000,0x00000000e0000000,0x00000000e6c80000)
  from space 7680K, 96% used [0x00000000e8d80000,0x00000000e94bc6c8,0x00000000e9500000)
  to   space 11264K, 0% used [0x00000000e7f00000,0x00000000e7f00000,0x00000000e8a00000)
 ParOldGen       total 59904K, used 10797K [0x00000000a0000000, 0x00000000a3a80000, 0x00000000e0000000)
  object space 59904K, 18% used [0x00000000a0000000,0x00000000a0a8b478,0x00000000a3a80000)
 Metaspace       used 27944K, capacity 28422K, committed 28672K, reserved 1073152K
  class space    used 3827K, capacity 4000K, committed 4096K, reserved 1048576K
}
Event: 53.973 GC heap before
{Heap before GC invocations=8 (full 1):
 PSYoungGen      total 118784K, used 118513K [0x00000000e0000000, 0x00000000e9500000, 0x0000000100000000)
  eden space 111104K, 100% used [0x00000000e0000000,0x00000000e6c80000,0x00000000e6c80000)
  from space 7680K, 96% used [0x00000000e8d80000,0x00000000e94bc6c8,0x00000000e9500000)
  to   space 11264K, 0% used [0x00000000e7f00000,0x00000000e7f00000,0x00000000e8a00000)
 ParOldGen       total 59904K, used 10797K [0x00000000a0000000, 0x00000000a3a80000, 0x00000000e0000000)
  object space 59904K, 18% used [0x00000000a0000000,0x00000000a0a8b478,0x00000000a3a80000)
 Metaspace       used 34176K, capacity 35152K, committed 35456K, reserved 1079296K
  class space    used 4711K, capacity 4910K, committed 4992K, reserved 1048576K
Event: 53.995 GC heap after
Heap after GC invocations=8 (full 1):
 PSYoungGen      total 141312K, used 11241K [0x00000000e0000000, 0x00000000ecc80000, 0x0000000100000000)
  eden space 130048K, 0% used [0x00000000e0000000,0x00000000e0000000,0x00000000e7f00000)
  from space 11264K, 99% used [0x00000000e7f00000,0x00000000e89fa6e8,0x00000000e8a00000)
  to   space 13824K, 0% used [0x00000000ebf00000,0x00000000ebf00000,0x00000000ecc80000)
 ParOldGen       total 59904K, used 12726K [0x00000000a0000000, 0x00000000a3a80000, 0x00000000e0000000)
  object space 59904K, 21% used [0x00000000a0000000,0x00000000a0c6daa8,0x00000000a3a80000)
 Metaspace       used 34176K, capacity 35152K, committed 35456K, reserved 1079296K
  class space    used 4711K, capacity 4910K, committed 4992K, reserved 1048576K
}
Event: 54.392 GC heap before
{Heap before GC invocations=9 (full 1):
 PSYoungGen      total 141312K, used 17104K [0x00000000e0000000, 0x00000000ecc80000, 0x0000000100000000)
  eden space 130048K, 4% used [0x00000000e0000000,0x00000000e05b9bb0,0x00000000e7f00000)
  from space 11264K, 99% used [0x00000000e7f00000,0x00000000e89fa6e8,0x00000000e8a00000)
  to   space 13824K, 0% used [0x00000000ebf00000,0x00000000ebf00000,0x00000000ecc80000)
 ParOldGen       total 59904K, used 12726K [0x00000000a0000000, 0x00000000a3a80000, 0x00000000e0000000)
  object space 59904K, 21% used [0x00000000a0000000,0x00000000a0c6daa8,0x00000000a3a80000)
 Metaspace       used 34437K, capacity 35438K, committed 35456K, reserved 1079296K
  class space    used 4763K, capacity 4983K, committed 4992K, reserved 1048576K
Event: 54.407 GC heap after
Heap after GC invocations=9 (full 1):
 PSYoungGen      total 195584K, used 8496K [0x00000000e0000000, 0x00000000efb00000, 0x0000000100000000)
  eden space 181760K, 0% used [0x00000000e0000000,0x00000000e0000000,0x00000000eb180000)
  from space 13824K, 61% used [0x00000000ebf00000,0x00000000ec74c010,0x00000000ecc80000)
  to   space 13824K, 0% used [0x00000000eb180000,0x00000000eb180000,0x00000000ebf00000)
 ParOldGen       total 59904K, used 12726K [0x00000000a0000000, 0x00000000a3a80000, 0x00000000e0000000)
  object space 59904K, 21% used [0x00000000a0000000,0x00000000a0c6daa8,0x00000000a3a80000)
 Metaspace       used 34437K, capacity 35438K, committed 35456K, reserved 1079296K
  class space    used 4763K, capacity 4983K, committed 4992K, reserved 1048576K
}
Event: 54.407 GC heap before
{Heap before GC invocations=10 (full 2):
 PSYoungGen      total 195584K, used 8496K [0x00000000e0000000, 0x00000000efb00000, 0x0000000100000000)
  eden space 181760K, 0% used [0x00000000e0000000,0x00000000e0000000,0x00000000eb180000)
  from space 13824K, 61% used [0x00000000ebf00000,0x00000000ec74c010,0x00000000ecc80000)
  to   space 13824K, 0% used [0x00000000eb180000,0x00000000eb180000,0x00000000ebf00000)
 ParOldGen       total 59904K, used 12726K [0x00000000a0000000, 0x00000000a3a80000, 0x00000000e0000000)
  object space 59904K, 21% used [0x00000000a0000000,0x00000000a0c6daa8,0x00000000a3a80000)
 Metaspace       used 34437K, capacity 35438K, committed 35456K, reserved 1079296K
  class space    used 4763K, capacity 4983K, committed 4992K, reserved 1048576K
Event: 54.493 GC heap after
Heap after GC invocations=10 (full 2):
 PSYoungGen      total 195584K, used 0K [0x00000000e0000000, 0x00000000efb00000, 0x0000000100000000)
  eden space 181760K, 0% used [0x00000000e0000000,0x00000000e0000000,0x00000000eb180000)
  from space 13824K, 0% used [0x00000000ebf00000,0x00000000ebf00000,0x00000000ecc80000)
  to   space 13824K, 0% used [0x00000000eb180000,0x00000000eb180000,0x00000000ebf00000)
 ParOldGen       total 78848K, used 15554K [0x00000000a0000000, 0x00000000a4d00000, 0x00000000e0000000)
  object space 78848K, 19% used [0x00000000a0000000,0x00000000a0f30b98,0x00000000a4d00000)
 Metaspace       used 34400K, capacity 35312K, committed 35456K, reserved 1079296K
  class space    used 4752K, capacity 4962K, committed 4992K, reserved 1048576K
}

Deoptimization events (10 events):
Event: 104.821 Thread 0x000000001ab86000 Uncommon trap: reason=bimorphic action=maybe_recompile pc=0x00000000026f0d7c method=java.util.regex.Pattern$5.isSatisfiedBy(I)Z @ 16
Event: 106.175 Thread 0x000000001ab86000 Uncommon trap: reason=unstable_if action=reinterpret pc=0x0000000002a36b68 method=sun.misc.MetaIndex.mayContain(Ljava/lang/String;)Z @ 38
Event: 106.177 Thread 0x000000001ab86000 Uncommon trap: reason=class_check action=maybe_recompile pc=0x0000000002a42d24 method=java.io.DataInputStream.readUnsignedShort()I @ 4
Event: 106.177 Thread 0x000000001ab86000 Uncommon trap: reason=class_check action=maybe_recompile pc=0x0000000002a42d24 method=java.io.DataInputStream.readUnsignedShort()I @ 4
Event: 106.177 Thread 0x000000001ab86000 Uncommon trap: reason=class_check action=maybe_recompile pc=0x0000000002a42d24 method=java.io.DataInputStream.readUnsignedShort()I @ 4
Event: 106.177 Thread 0x000000001ab86000 Uncommon trap: reason=class_check action=maybe_recompile pc=0x0000000002a42d24 method=java.io.DataInputStream.readUnsignedShort()I @ 4
Event: 106.267 Thread 0x000000001ab86000 Uncommon trap: reason=unstable_if action=reinterpret pc=0x0000000003181488 method=java.io.DataInputStream.readUTF(Ljava/io/DataInput;)Ljava/lang/String; @ 31
Event: 107.093 Thread 0x000000001ab86000 Uncommon trap: reason=unstable_if action=reinterpret pc=0x0000000002a2dcac method=java.util.WeakHashMap.remove(Ljava/lang/Object;)Ljava/lang/Object; @ 94
Event: 107.150 Thread 0x000000001ab86000 Uncommon trap: reason=unstable_if action=reinterpret pc=0x0000000002a68b68 method=java.util.regex.Pattern$BmpCharProperty.match(Ljava/util/regex/Matcher;ILjava/lang/CharSequence;)Z @ 34
Event: 107.281 Thread 0x000000001ab86000 Uncommon trap: reason=unstable_if action=reinterpret pc=0x0000000002d74f84 method=java.lang.Integer.parseInt(Ljava/lang/String;I)I @ 197

Classes redefined (0 events):
No events

Internal exceptions (10 events):
Event: 105.688 Thread 0x000000001ab86000 Exception <a 'sun/nio/fs/WindowsException'> (0x00000000e832e970) thrown at [D:\src\AOSP-openjdk-cygwin\jdk8u\hotspot\src\share\vm\prims\jni.cpp, line 710]
Event: 105.689 Thread 0x000000001ab86000 Exception <a 'sun/nio/fs/WindowsException'> (0x00000000e832f728) thrown at [D:\src\AOSP-openjdk-cygwin\jdk8u\hotspot\src\share\vm\prims\jni.cpp, line 710]
Event: 105.689 Thread 0x000000001ab86000 Exception <a 'sun/nio/fs/WindowsException'> (0x00000000e83318f8) thrown at [D:\src\AOSP-openjdk-cygwin\jdk8u\hotspot\src\share\vm\prims\jni.cpp, line 710]
Event: 105.689 Thread 0x000000001ab86000 Exception <a 'sun/nio/fs/WindowsException'> (0x00000000e83328d0) thrown at [D:\src\AOSP-openjdk-cygwin\jdk8u\hotspot\src\share\vm\prims\jni.cpp, line 710]
Event: 105.691 Thread 0x000000001ab86000 Exception <a 'sun/nio/fs/WindowsException'> (0x00000000e8337408) thrown at [D:\src\AOSP-openjdk-cygwin\jdk8u\hotspot\src\share\vm\prims\jni.cpp, line 710]
Event: 105.692 Thread 0x000000001ab86000 Exception <a 'sun/nio/fs/WindowsException'> (0x00000000e8338180) thrown at [D:\src\AOSP-openjdk-cygwin\jdk8u\hotspot\src\share\vm\prims\jni.cpp, line 710]
Event: 105.698 Thread 0x000000001ab86000 Exception <a 'sun/nio/fs/WindowsException'> (0x00000000e833a300) thrown at [D:\src\AOSP-openjdk-cygwin\jdk8u\hotspot\src\share\vm\prims\jni.cpp, line 710]
Event: 105.698 Thread 0x000000001ab86000 Exception <a 'sun/nio/fs/WindowsException'> (0x00000000e833b0b8) thrown at [D:\src\AOSP-openjdk-cygwin\jdk8u\hotspot\src\share\vm\prims\jni.cpp, line 710]
Event: 105.727 Thread 0x000000001ab86000 Exception <a 'java/lang/ClassNotFoundException': com/sun/org/glassfish/hk2/osgiresourcelocator/ServiceLoader> (0x00000000e839a848) thrown at [D:\src\AOSP-openjdk-cygwin\jdk8u\hotspot\src\share\vm\classfile\systemDictionary.cpp, line 210]
Event: 105.805 Thread 0x000000001ab86000 Exception <a 'java/lang/NullPointerException'> (0x00000000e88732d8) thrown at [D:\src\AOSP-openjdk-cygwin\jdk8u\hotspot\src\share\vm\interpreter\linkResolver.cpp, line 1287]

Events (10 events):
Event: 107.276 loading class com/sun/xml/bind/DatatypeConverterImpl done
Event: 107.278 loading class javax/xml/bind/DatatypeConverterInterface
Event: 107.279 loading class javax/xml/bind/DatatypeConverterInterface done
Event: 107.279 loading class javax/xml/datatype/DatatypeConfigurationException
Event: 107.280 loading class javax/xml/datatype/DatatypeConfigurationException done
Event: 107.281 Thread 0x000000001ab86000 Uncommon trap: trap_request=0xffffff65 fr.pc=0x0000000002d74f84
Event: 107.281 Thread 0x000000001ab86000 DEOPT PACKING pc=0x0000000002d74f84 sp=0x000000001c4ca400
Event: 107.281 Thread 0x000000001ab86000 DEOPT UNPACKING pc=0x000000000246557b sp=0x000000001c4ca378 mode 2
Event: 107.285 loading class com/sun/xml/bind/v2/runtime/unmarshaller/DefaultIDResolver$1
Event: 107.285 loading class com/sun/xml/bind/v2/runtime/unmarshaller/DefaultIDResolver$1 done


Dynamic libraries:
0x00007ff6bc700000 - 0x00007ff6bc731000 	C:\Program Files\Android\Android Studio\jre\bin\java.exe
0x00007ffac2680000 - 0x00007ffac2870000 	C:\WINDOWS\SYSTEM32\ntdll.dll
0x00007ffac2000000 - 0x00007ffac20b2000 	C:\WINDOWS\System32\KERNEL32.DLL
0x00007ffac0480000 - 0x00007ffac0723000 	C:\WINDOWS\System32\KERNELBASE.dll
0x00007ffac1860000 - 0x00007ffac1903000 	C:\WINDOWS\System32\ADVAPI32.dll
0x00007ffac2200000 - 0x00007ffac229e000 	C:\WINDOWS\System32\msvcrt.dll
0x00007ffac0bd0000 - 0x00007ffac0c67000 	C:\WINDOWS\System32\sechost.dll
0x00007ffac16d0000 - 0x00007ffac17f0000 	C:\WINDOWS\System32\RPCRT4.dll
0x00007ffac1530000 - 0x00007ffac16c4000 	C:\WINDOWS\System32\USER32.dll
0x00007ffabf950000 - 0x00007ffabf971000 	C:\WINDOWS\System32\win32u.dll
0x00007ffac2610000 - 0x00007ffac2636000 	C:\WINDOWS\System32\GDI32.dll
0x00007ffac02e0000 - 0x00007ffac0474000 	C:\WINDOWS\System32\gdi32full.dll
0x00007ffac0240000 - 0x00007ffac02de000 	C:\WINDOWS\System32\msvcp_win.dll
0x00007ffabf610000 - 0x00007ffabf70a000 	C:\WINDOWS\System32\ucrtbase.dll
0x00007ffaa11b0000 - 0x00007ffaa1435000 	C:\WINDOWS\WinSxS\amd64_microsoft.windows.common-controls_6595b64144ccf1df_6.0.18362.535_none_e6c3b34713100821\COMCTL32.dll
0x00007ffac22d0000 - 0x00007ffac2606000 	C:\WINDOWS\System32\combase.dll
0x00007ffabf710000 - 0x00007ffabf790000 	C:\WINDOWS\System32\bcryptPrimitives.dll
0x00007ffac0730000 - 0x00007ffac075e000 	C:\WINDOWS\System32\IMM32.DLL
0x0000000077080000 - 0x0000000077152000 	C:\Program Files\Android\Android Studio\jre\jre\bin\msvcr100.dll
0x00000000777b0000 - 0x0000000077ff6000 	C:\Program Files\Android\Android Studio\jre\jre\bin\server\jvm.dll
0x00007ffac22c0000 - 0x00007ffac22c8000 	C:\WINDOWS\System32\PSAPI.DLL
0x00007ffabaa90000 - 0x00007ffabaab4000 	C:\WINDOWS\SYSTEM32\WINMM.dll
0x00007ffab8150000 - 0x00007ffab815a000 	C:\WINDOWS\SYSTEM32\VERSION.dll
0x00007ffaba340000 - 0x00007ffaba349000 	C:\WINDOWS\SYSTEM32\WSOCK32.dll
0x00007ffac13f0000 - 0x00007ffac145f000 	C:\WINDOWS\System32\WS2_32.dll
0x00007ffabaa60000 - 0x00007ffabaa8d000 	C:\WINDOWS\SYSTEM32\winmmbase.dll
0x00007ffabf900000 - 0x00007ffabf94a000 	C:\WINDOWS\System32\cfgmgr32.dll
0x00007ffab9a40000 - 0x00007ffab9a4f000 	C:\Program Files\Android\Android Studio\jre\jre\bin\verify.dll
0x00007ffab8af0000 - 0x00007ffab8b19000 	C:\Program Files\Android\Android Studio\jre\jre\bin\java.dll
0x00007ffab8ad0000 - 0x00007ffab8ae6000 	C:\Program Files\Android\Android Studio\jre\jre\bin\zip.dll
0x00007ffac1910000 - 0x00007ffac1ff5000 	C:\WINDOWS\System32\SHELL32.dll
0x00007ffac1210000 - 0x00007ffac12b9000 	C:\WINDOWS\System32\shcore.dll
0x00007ffabf9b0000 - 0x00007ffac012f000 	C:\WINDOWS\System32\windows.storage.dll
0x00007ffabf5f0000 - 0x00007ffabf60f000 	C:\WINDOWS\System32\profapi.dll
0x00007ffabf560000 - 0x00007ffabf5aa000 	C:\WINDOWS\System32\powrprof.dll
0x00007ffabf550000 - 0x00007ffabf560000 	C:\WINDOWS\System32\UMPDC.dll
0x00007ffac1460000 - 0x00007ffac14b2000 	C:\WINDOWS\System32\shlwapi.dll
0x00007ffabf5b0000 - 0x00007ffabf5c1000 	C:\WINDOWS\System32\kernel.appcore.dll
0x00007ffabf8e0000 - 0x00007ffabf8f7000 	C:\WINDOWS\System32\cryptsp.dll
0x00007ffab8c90000 - 0x00007ffab8caa000 	C:\Program Files\Android\Android Studio\jre\jre\bin\net.dll
0x00007ffabedc0000 - 0x00007ffabee27000 	C:\WINDOWS\system32\mswsock.dll
0x00007ffaa2340000 - 0x00007ffaa2351000 	C:\Program Files\Android\Android Studio\jre\jre\bin\nio.dll
0x00007ffa8b820000 - 0x00007ffa8b83e000 	C:\Users\Raghul Adhitya\.gradle\native\25\windows-amd64\native-platform.dll
0x00007ffaa3940000 - 0x00007ffaa394d000 	C:\Program Files\Android\Android Studio\jre\jre\bin\management.dll
0x00007ffabe930000 - 0x00007ffabe963000 	C:\WINDOWS\system32\rsaenh.dll
0x00007ffabf980000 - 0x00007ffabf9a6000 	C:\WINDOWS\System32\bcrypt.dll
0x00007ffabf470000 - 0x00007ffabf495000 	C:\WINDOWS\SYSTEM32\USERENV.dll
0x00007ffabef90000 - 0x00007ffabef9c000 	C:\WINDOWS\SYSTEM32\CRYPTBASE.dll
0x00007ffabead0000 - 0x00007ffabeb0a000 	C:\WINDOWS\SYSTEM32\IPHLPAPI.DLL
0x00007ffac0da0000 - 0x00007ffac0da8000 	C:\WINDOWS\System32\NSI.dll
0x00007ffab4900000 - 0x00007ffab4916000 	C:\WINDOWS\SYSTEM32\dhcpcsvc6.DLL
0x00007ffab4800000 - 0x00007ffab481c000 	C:\WINDOWS\SYSTEM32\dhcpcsvc.DLL
0x00007ffabeb10000 - 0x00007ffabebda000 	C:\WINDOWS\SYSTEM32\DNSAPI.dll

VM Arguments:
jvm_args: -Xmx1536m -Dfile.encoding=windows-1252 -Duser.country=IN -Duser.language=en -Duser.variant 
java_command: org.gradle.launcher.daemon.bootstrap.GradleDaemon 5.1.1
java_class_path (initial): C:\Users\Raghul Adhitya\.gradle\wrapper\dists\gradle-5.1.1-all\97z1ksx6lirer3kbvdnh7jtjg\gradle-5.1.1\lib\gradle-launcher-5.1.1.jar
Launcher Type: SUN_STANDARD

Environment Variables:
PATH=C:\Program Files\Python37\Scripts\;C:\Program Files\Python37\;C:\WINDOWS\system32;C:\WINDOWS;C:\WINDOWS\System32\Wbem;C:\WINDOWS\System32\WindowsPowerShell\v1.0\;C:\WINDOWS\System32\OpenSSH\;C:\Program Files\Git\cmd;C:\Program Files\Microsoft SQL Server\Client SDK\ODBC\130\Tools\Binn\;C:\Program Files (x86)\Microsoft SQL Server\140\Tools\Binn\;C:\Program Files\Microsoft SQL Server\140\Tools\Binn\;C:\Program Files\Microsoft SQL Server\140\DTS\Binn\;C:\Program Files (x86)\Microsoft SQL Server\150\DTS\Binn\;C:\Users\Raghul Adhitya\AppData\Local\Microsoft\WindowsApps;C:\Users\Raghul Adhitya\AppData\Local\GitHubDesktop\bin;C:\Users\Raghul Adhitya\AppData\Local\Programs\Microsoft VS Code\bin;C:\Users\Raghul Adhitya\AppData\Local\Microsoft\WindowsApps;
USERNAME=Raghul Adhitya
OS=Windows_NT
PROCESSOR_IDENTIFIER=Intel64 Family 6 Model 142 Stepping 11, GenuineIntel



---------------  S Y S T E M  ---------------

OS: Windows 10.0 , 64 bit Build 18362 (10.0.18362.329)

CPU:total 8 (initial active 8) (4 cores per cpu, 2 threads per core) family 6 model 142 stepping 11, cmov, cx8, fxsr, mmx, sse, sse2, sse3, ssse3, sse4.1, sse4.2, popcnt, avx, avx2, aes, clmul, erms, 3dnowpref, lzcnt, ht, tsc, tscinvbit, bmi1, bmi2, adx

Memory: 4k page, physical 8272116k(166828k free), swap 33437940k(5212k free)

vm_info: OpenJDK 64-Bit Server VM (25.202-b03) for windows-amd64 JRE (1.8.0_202-release-1483-b03), built by "builder" with MS VC++ 10.0 (VS2010)

time: Thu Jan 02 18:10:27 2020
timezone: India Standard Time
elapsed time: 107 seconds (0d 0h 1m 47s)

